SF:lib/src/data/repositories/verify_if_have_authenticated_user_repository_impl.dart
DA:32,2
DA:45,2
DA:46,4
LF:3
LH:3
end_of_record
SF:lib/src/auth_service.dart
DA:34,0
DA:35,0
DA:36,0
DA:37,0
DA:40,0
DA:42,0
DA:43,0
DA:46,0
DA:47,0
DA:48,0
DA:52,0
DA:54,0
DA:55,0
LF:13
LH:0
end_of_record
SF:lib/src/auth_service_impl.dart
DA:14,1
DA:34,1
DA:39,2
DA:44,1
DA:53,2
DA:54,1
DA:57,1
DA:66,1
DA:67,2
DA:69,1
DA:70,2
LF:11
LH:11
end_of_record
SF:lib/src/data/data_sources/firebase/firebase_remote_service.dart
DA:11,2
DA:14,0
DA:17,0
DA:20,2
DA:25,4
DA:26,2
DA:27,2
DA:29,2
DA:30,1
DA:33,2
DA:37,2
DA:38,2
DA:39,4
DA:43,1
DA:44,2
DA:51,2
DA:56,4
DA:57,4
DA:58,4
DA:60,2
DA:61,1
DA:64,6
DA:65,2
DA:68,2
DA:72,2
DA:73,2
DA:74,4
DA:78,1
DA:79,2
DA:86,2
DA:87,6
DA:89,2
DA:90,4
DA:92,2
DA:96,2
DA:97,3
DA:101,4
DA:105,4
DA:109,3
DA:113,4
DA:117,0
DA:123,2
DA:126,4
DA:127,4
DA:128,2
DA:129,4
DA:130,4
DA:131,2
DA:132,2
DA:133,2
DA:134,2
DA:135,4
DA:136,2
LF:53
LH:50
end_of_record
SF:lib/src/data/repositories/sign_in_with_email_and_password_repository_impl.dart
DA:36,2
DA:59,2
DA:64,4
DA:65,2
DA:71,2
DA:72,4
DA:73,8
LF:7
LH:7
end_of_record
SF:lib/src/data/repositories/sign_out_repository_impl.dart
DA:15,2
DA:23,2
DA:24,4
LF:3
LH:3
end_of_record
SF:lib/src/data/repositories/sign_up_with_email_and_password_repository_impl.dart
DA:36,2
DA:53,2
DA:57,4
DA:58,2
DA:59,2
DA:60,2
DA:61,2
DA:63,4
DA:64,4
DA:65,4
DA:66,4
DA:70,2
DA:71,4
DA:72,2
DA:73,6
LF:15
LH:15
end_of_record
SF:lib/src/domain/models/authentication_model.dart
DA:21,7
DA:36,2
DA:37,2
DA:38,2
DA:39,2
DA:40,2
LF:6
LH:6
end_of_record
SF:lib/src/data/mappers/authentication_mapper.dart
DA:9,47
DA:11,4
DA:12,4
DA:13,4
DA:14,4
DA:15,4
DA:16,8
DA:17,8
DA:18,8
DA:19,8
DA:20,8
DA:21,8
LF:12
LH:12
end_of_record
SF:lib/src/domain/models/authentication_token_model.dart
DA:25,8
DA:57,3
DA:58,3
DA:59,3
DA:60,3
DA:61,3
DA:62,3
DA:63,3
DA:64,3
LF:9
LH:9
end_of_record
SF:lib/src/data/models/authentication_response.dart
DA:17,6
DA:33,1
DA:34,1
DA:35,1
DA:36,1
DA:37,1
LF:6
LH:6
end_of_record
SF:lib/src/data/models/authentication_request.dart
DA:16,6
DA:27,3
DA:28,3
DA:29,3
DA:30,3
LF:5
LH:5
end_of_record
SF:lib/src/data/models/authentication_token_result.dart
DA:12,7
DA:39,2
DA:40,2
DA:41,2
DA:42,2
DA:43,2
DA:44,2
DA:45,2
DA:46,2
LF:9
LH:9
end_of_record
SF:lib/src/data/models/sign_up_request.dart
DA:13,4
DA:40,9
DA:41,2
DA:42,13
DA:44,2
DA:45,2
DA:46,2
DA:47,2
DA:48,2
DA:49,2
LF:10
LH:10
end_of_record
SF:lib/src/domain/models/sign_up_model.dart
DA:13,4
DA:31,1
DA:32,1
DA:33,1
DA:34,1
LF:5
LH:5
end_of_record
SF:lib/src/domain/failures/auth_generic_failure.dart
DA:15,26
LF:1
LH:1
end_of_record
SF:lib/src/domain/failures/email_already_in_use_failure.dart
DA:21,4
LF:1
LH:1
end_of_record
SF:lib/src/domain/failures/invalid_email_failure.dart
DA:21,3
LF:1
LH:1
end_of_record
SF:lib/src/domain/failures/weak_password_failure.dart
DA:23,5
LF:1
LH:1
end_of_record
SF:lib/src/domain/failures/wrong_password_failure.dart
DA:23,6
LF:1
LH:1
end_of_record
SF:lib/src/domain/use_cases/sign_in_with_email_and_password_usecase.dart
DA:8,2
DA:14,2
DA:18,4
LF:3
LH:3
end_of_record
SF:lib/src/domain/use_cases/sign_out_usecase.dart
DA:4,2
DA:10,6
LF:2
LH:2
end_of_record
SF:lib/src/domain/use_cases/sign_up_with_email_and_password_usecase.dart
DA:9,2
DA:18,2
DA:21,4
LF:3
LH:3
end_of_record
SF:lib/src/domain/use_cases/verify_if_have_authenticate_user_usecase.dart
DA:4,2
DA:13,6
LF:2
LH:2
end_of_record
